Rasa process starting
Rasa process starting
Restoring parameters from models/nlu/current/intent_classifier_tensorflow_embedding.ckpt
Available web server routes: 
hello                                              HEAD, OPTIONS, GET             /
list_trackers                                      HEAD, OPTIONS, GET             /conversations
execute_action                                     OPTIONS, POST                  /conversations/[sender_id]/execute
log_message                                        OPTIONS, POST                  /conversations/[sender_id]/messages
predict                                            OPTIONS, POST                  /conversations/[sender_id]/predict
respond                                            HEAD, OPTIONS, POST, GET       /conversations/[sender_id]/respond
retrieve_story                                     HEAD, OPTIONS, GET             /conversations/[sender_id]/story
retrieve_tracker                                   HEAD, OPTIONS, GET             /conversations/[sender_id]/tracker
replace_events                                     PUT, OPTIONS                   /conversations/[sender_id]/tracker/events
get_domain                                         HEAD, OPTIONS, GET             /domain
evaluate_stories                                   OPTIONS, POST                  /evaluate
continue_training                                  OPTIONS, POST                  /finetune
load_model                                         OPTIONS, POST                  /model
tracker_predict                                    OPTIONS, POST                  /predict
static                                             HEAD, OPTIONS, GET             /static/[filename]
status                                             HEAD, OPTIONS, GET             /status
version                                            HEAD, OPTIONS, GET             /version
custom_webhook_CmdlineInput.health                 HEAD, OPTIONS, GET             /webhooks/rest/
custom_webhook_CmdlineInput.receive                OPTIONS, POST                  /webhooks/rest/webhook
Rasa Core server is up and running on http://localhost:5005
Creating a new tracker for id 'user'.
Received user message 'hi' with intent '{'name': 'greet', 'confidence': 0.9230203032493591}' and entities '[]'
Logged UserUtterance - tracker now has 2 events
Current slot values: 
	color: None
Current tracker state [None, None, None, {}, {'prev_action_listen': 1.0, 'intent_greet': 1.0}]
There is a memorised next action '7'
There is no active form
Predicted next action using policy_2_MemoizationPolicy
Predicted next action 'utter_greet' with prob 1.00.
Action 'utter_greet' ended with events '[]'
Bot utterance 'BotUttered(text: Hey there! :) What is your favorite color?, data: {
  "elements": null,
  "buttons": null,
  "attachment": null
})'
Current tracker state [None, None, {}, {'prev_action_listen': 1.0, 'intent_greet': 1.0}, {'prev_utter_greet': 1.0, 'intent_greet': 1.0}]
There is a memorised next action '0'
There is no active form
Predicted next action using policy_2_MemoizationPolicy
Predicted next action 'action_listen' with prob 1.00.
Action 'action_listen' ended with events '[]'
Recreating tracker for id 'user'
Received user message 'red' with intent '{'name': 'provide_color', 'confidence': 0.9511568546295166}' and entities '[{'start': 0, 'end': 3, 'value': 'red', 'entity': 'color', 'confidence': 0.8991835171123593, 'extractor': 'ner_crf'}]'
Logged UserUtterance - tracker now has 7 events
Current slot values: 
	color: red
Current tracker state [None, {}, {'prev_action_listen': 1.0, 'intent_greet': 1.0}, {'prev_utter_greet': 1.0, 'intent_greet': 1.0}, {'intent_provide_color': 1.0, 'entity_color': 1.0, 'slot_color_0': 1.0, 'prev_action_listen': 1.0}]
There is no memorised next action
There is no active form
Predicted next action using policy_1_FallbackPolicy
Predicted next action 'action_default_fallback' with prob 1.00.
Action 'action_default_fallback' ended with events '['UserUtteranceReverted()']'
Current tracker state [None, None, {}, {'prev_action_listen': 1.0, 'intent_greet': 1.0}, {'prev_utter_greet': 1.0, 'intent_greet': 1.0}]
There is a memorised next action '0'
There is no active form
Predicted next action using policy_2_MemoizationPolicy
Predicted next action 'action_listen' with prob 1.00.
Action 'action_listen' ended with events '[]'
Recreating tracker for id 'user'
Received user message 'green' with intent '{'name': 'provide_color', 'confidence': 0.9612888693809509}' and entities '[{'start': 0, 'end': 5, 'value': 'green', 'entity': 'color', 'confidence': 0.9108570899993783, 'extractor': 'ner_crf'}]'
Logged UserUtterance - tracker now has 12 events
Current slot values: 
	color: green
Current tracker state [None, {}, {'prev_action_listen': 1.0, 'intent_greet': 1.0}, {'prev_utter_greet': 1.0, 'intent_greet': 1.0}, {'intent_provide_color': 1.0, 'entity_color': 1.0, 'slot_color_0': 1.0, 'prev_action_listen': 1.0}]
There is no memorised next action
There is no active form
Predicted next action using policy_1_FallbackPolicy
Predicted next action 'action_default_fallback' with prob 1.00.
Action 'action_default_fallback' ended with events '['UserUtteranceReverted()']'
Current tracker state [None, None, {}, {'prev_action_listen': 1.0, 'intent_greet': 1.0}, {'prev_utter_greet': 1.0, 'intent_greet': 1.0}]
There is a memorised next action '0'
There is no active form
Predicted next action using policy_2_MemoizationPolicy
Predicted next action 'action_listen' with prob 1.00.
Action 'action_listen' ended with events '[]'
Rasa process starting
Restoring parameters from models/nlu/current/intent_classifier_tensorflow_embedding.ckpt
Available web server routes: 
hello                                              HEAD, GET, OPTIONS             /
list_trackers                                      HEAD, GET, OPTIONS             /conversations
execute_action                                     POST, OPTIONS                  /conversations/[sender_id]/execute
log_message                                        POST, OPTIONS                  /conversations/[sender_id]/messages
predict                                            POST, OPTIONS                  /conversations/[sender_id]/predict
respond                                            HEAD, POST, GET, OPTIONS       /conversations/[sender_id]/respond
retrieve_story                                     HEAD, GET, OPTIONS             /conversations/[sender_id]/story
retrieve_tracker                                   HEAD, GET, OPTIONS             /conversations/[sender_id]/tracker
replace_events                                     OPTIONS, PUT                   /conversations/[sender_id]/tracker/events
get_domain                                         HEAD, GET, OPTIONS             /domain
evaluate_stories                                   POST, OPTIONS                  /evaluate
continue_training                                  POST, OPTIONS                  /finetune
load_model                                         POST, OPTIONS                  /model
tracker_predict                                    POST, OPTIONS                  /predict
static                                             HEAD, GET, OPTIONS             /static/[filename]
status                                             HEAD, GET, OPTIONS             /status
version                                            HEAD, GET, OPTIONS             /version
custom_webhook_CmdlineInput.health                 HEAD, GET, OPTIONS             /webhooks/rest/
custom_webhook_CmdlineInput.receive                POST, OPTIONS                  /webhooks/rest/webhook
Rasa Core server is up and running on http://localhost:5005
Creating a new tracker for id 'user'.
Received user message 'hi' with intent '{'name': 'greet', 'confidence': 0.9566079378128052}' and entities '[]'
Logged UserUtterance - tracker now has 2 events
Current slot values: 

Current tracker state [None, None, None, {}, {'intent_greet': 1.0, 'prev_action_listen': 1.0}]
There is a memorised next action '7'
There is no active form
Predicted next action using policy_2_MemoizationPolicy
Predicted next action 'utter_greet' with prob 1.00.
Action 'utter_greet' ended with events '[]'
Bot utterance 'BotUttered(text: Hey there! :) What is your favorite color?, data: {
  "elements": null,
  "buttons": null,
  "attachment": null
})'
Current tracker state [None, None, {}, {'intent_greet': 1.0, 'prev_action_listen': 1.0}, {'intent_greet': 1.0, 'prev_utter_greet': 1.0}]
There is a memorised next action '0'
There is no active form
Predicted next action using policy_2_MemoizationPolicy
Predicted next action 'action_listen' with prob 1.00.
Action 'action_listen' ended with events '[]'
Recreating tracker for id 'user'
Received user message 'green' with intent '{'name': 'provide_color', 'confidence': 0.9799908399581909}' and entities '[{'start': 0, 'end': 5, 'value': 'green', 'entity': 'color', 'confidence': 0.9108570899993783, 'extractor': 'ner_crf'}]'
Logged UserUtterance - tracker now has 6 events
Current slot values: 

Current tracker state [None, {}, {'intent_greet': 1.0, 'prev_action_listen': 1.0}, {'intent_greet': 1.0, 'prev_utter_greet': 1.0}, {'entity_color': 1.0, 'prev_action_listen': 1.0, 'intent_provide_color': 1.0}]
There is no memorised next action
There is no active form
Action 'action_listen' was predicted after a user message using policy_0_KerasPolicy. Predicting fallback action: action_default_fallback
Predicted next action using policy_1_FallbackPolicy
Predicted next action 'action_default_fallback' with prob 1.00.
Action 'action_default_fallback' ended with events '['UserUtteranceReverted()']'
Current tracker state [None, None, {}, {'intent_greet': 1.0, 'prev_action_listen': 1.0}, {'intent_greet': 1.0, 'prev_utter_greet': 1.0}]
There is a memorised next action '0'
There is no active form
Predicted next action using policy_2_MemoizationPolicy
Predicted next action 'action_listen' with prob 1.00.
Action 'action_listen' ended with events '[]'
Rasa process starting
Restoring parameters from models/nlu/current/intent_classifier_tensorflow_embedding.ckpt
Available web server routes: 
hello                                              GET, OPTIONS, HEAD             /
list_trackers                                      GET, OPTIONS, HEAD             /conversations
execute_action                                     OPTIONS, POST                  /conversations/[sender_id]/execute
log_message                                        OPTIONS, POST                  /conversations/[sender_id]/messages
predict                                            OPTIONS, POST                  /conversations/[sender_id]/predict
respond                                            GET, OPTIONS, POST, HEAD       /conversations/[sender_id]/respond
retrieve_story                                     GET, OPTIONS, HEAD             /conversations/[sender_id]/story
retrieve_tracker                                   GET, OPTIONS, HEAD             /conversations/[sender_id]/tracker
replace_events                                     PUT, OPTIONS                   /conversations/[sender_id]/tracker/events
get_domain                                         GET, OPTIONS, HEAD             /domain
evaluate_stories                                   OPTIONS, POST                  /evaluate
continue_training                                  OPTIONS, POST                  /finetune
load_model                                         OPTIONS, POST                  /model
tracker_predict                                    OPTIONS, POST                  /predict
static                                             GET, OPTIONS, HEAD             /static/[filename]
status                                             GET, OPTIONS, HEAD             /status
version                                            GET, OPTIONS, HEAD             /version
custom_webhook_CmdlineInput.health                 GET, OPTIONS, HEAD             /webhooks/rest/
custom_webhook_CmdlineInput.receive                OPTIONS, POST                  /webhooks/rest/webhook
Rasa Core server is up and running on http://localhost:5005
Creating a new tracker for id 'user'.
Received user message 'hi' with intent '{'name': 'greet', 'confidence': 0.9630599021911621}' and entities '[]'
Logged UserUtterance - tracker now has 2 events
Current slot values: 
	color: None
Current tracker state [None, None, None, {}, {'prev_action_listen': 1.0, 'intent_greet': 1.0}]
There is a memorised next action '7'
There is no active form
Predicted next action using policy_2_MemoizationPolicy
Predicted next action 'utter_greet' with prob 1.00.
Action 'utter_greet' ended with events '[]'
Bot utterance 'BotUttered(text: Hey there! :) What is your favorite color?, data: {
  "elements": null,
  "buttons": null,
  "attachment": null
})'
Current tracker state [None, None, {}, {'prev_action_listen': 1.0, 'intent_greet': 1.0}, {'intent_greet': 1.0, 'prev_utter_greet': 1.0}]
There is a memorised next action '0'
There is no active form
Predicted next action using policy_2_MemoizationPolicy
Predicted next action 'action_listen' with prob 1.00.
Action 'action_listen' ended with events '[]'
Recreating tracker for id 'user'
Received user message 'green' with intent '{'name': 'provide_color', 'confidence': 0.964526355266571}' and entities '[{'start': 0, 'end': 5, 'value': 'green', 'entity': 'color', 'confidence': 0.9108570899993783, 'extractor': 'ner_crf'}]'
Logged UserUtterance - tracker now has 7 events
Current slot values: 
	color: green
Current tracker state [None, {}, {'prev_action_listen': 1.0, 'intent_greet': 1.0}, {'intent_greet': 1.0, 'prev_utter_greet': 1.0}, {'slot_color_0': 1.0, 'prev_action_listen': 1.0, 'entity_color': 1.0, 'intent_provide_color': 1.0}]
There is a memorised next action '8'
There is no active form
Predicted next action using policy_2_MemoizationPolicy
Predicted next action 'utter_color' with prob 1.00.
Action 'utter_color' ended with events '[]'
Bot utterance 'BotUttered(text: Your favorite color is green., data: {
  "elements": null,
  "buttons": null,
  "attachment": null
})'
Current tracker state [{}, {'prev_action_listen': 1.0, 'intent_greet': 1.0}, {'intent_greet': 1.0, 'prev_utter_greet': 1.0}, {'slot_color_0': 1.0, 'prev_action_listen': 1.0, 'entity_color': 1.0, 'intent_provide_color': 1.0}, {'slot_color_0': 1.0, 'entity_color': 1.0, 'intent_provide_color': 1.0, 'prev_utter_color': 1.0}]
There is a memorised next action '9'
There is no active form
Predicted next action using policy_2_MemoizationPolicy
Predicted next action 'utter_bye' with prob 1.00.
Action 'utter_bye' ended with events '[]'
Bot utterance 'BotUttered(text: Bye, thanks for chatting with color bot!, data: {
  "elements": null,
  "buttons": null,
  "attachment": null
})'
Current tracker state [{'prev_action_listen': 1.0, 'intent_greet': 1.0}, {'intent_greet': 1.0, 'prev_utter_greet': 1.0}, {'slot_color_0': 1.0, 'prev_action_listen': 1.0, 'entity_color': 1.0, 'intent_provide_color': 1.0}, {'slot_color_0': 1.0, 'entity_color': 1.0, 'intent_provide_color': 1.0, 'prev_utter_color': 1.0}, {'prev_utter_bye': 1.0, 'slot_color_0': 1.0, 'entity_color': 1.0, 'intent_provide_color': 1.0}]
There is a memorised next action '0'
There is no active form
Predicted next action using policy_2_MemoizationPolicy
Predicted next action 'action_listen' with prob 1.00.
Action 'action_listen' ended with events '[]'
Rasa process starting
Restoring parameters from models/nlu/current/intent_classifier_tensorflow_embedding.ckpt
Available web server routes: 
hello                                              HEAD, OPTIONS, GET             /
list_trackers                                      HEAD, OPTIONS, GET             /conversations
execute_action                                     POST, OPTIONS                  /conversations/[sender_id]/execute
log_message                                        POST, OPTIONS                  /conversations/[sender_id]/messages
predict                                            POST, OPTIONS                  /conversations/[sender_id]/predict
respond                                            HEAD, POST, OPTIONS, GET       /conversations/[sender_id]/respond
retrieve_story                                     HEAD, OPTIONS, GET             /conversations/[sender_id]/story
retrieve_tracker                                   HEAD, OPTIONS, GET             /conversations/[sender_id]/tracker
replace_events                                     OPTIONS, PUT                   /conversations/[sender_id]/tracker/events
get_domain                                         HEAD, OPTIONS, GET             /domain
evaluate_stories                                   POST, OPTIONS                  /evaluate
continue_training                                  POST, OPTIONS                  /finetune
load_model                                         POST, OPTIONS                  /model
tracker_predict                                    POST, OPTIONS                  /predict
static                                             HEAD, OPTIONS, GET             /static/[filename]
status                                             HEAD, OPTIONS, GET             /status
version                                            HEAD, OPTIONS, GET             /version
custom_webhook_CmdlineInput.health                 HEAD, OPTIONS, GET             /webhooks/rest/
custom_webhook_CmdlineInput.receive                POST, OPTIONS                  /webhooks/rest/webhook
Rasa Core server is up and running on http://localhost:5005
Creating a new tracker for id 'user'.
Received user message 'hi' with intent '{'name': 'greet', 'confidence': 0.9823233485221863}' and entities '[]'
Logged UserUtterance - tracker now has 2 events
Current slot values: 

Current tracker state [None, None, None, {}, {'intent_greet': 1.0, 'prev_action_listen': 1.0}]
There is a memorised next action '7'
There is no active form
Predicted next action using policy_2_MemoizationPolicy
Predicted next action 'utter_greet' with prob 1.00.
Action 'utter_greet' ended with events '[]'
Bot utterance 'BotUttered(text: Hey there! :) What is your favorite color?, data: {
  "elements": null,
  "buttons": null,
  "attachment": null
})'
Current tracker state [None, None, {}, {'intent_greet': 1.0, 'prev_action_listen': 1.0}, {'intent_greet': 1.0, 'prev_utter_greet': 1.0}]
There is a memorised next action '0'
There is no active form
Predicted next action using policy_2_MemoizationPolicy
Predicted next action 'action_listen' with prob 1.00.
Action 'action_listen' ended with events '[]'
Recreating tracker for id 'user'
Received user message 'green' with intent '{'name': 'provide_color', 'confidence': 0.9737006425857544}' and entities '[{'start': 0, 'end': 5, 'value': 'green', 'entity': 'color', 'confidence': 0.9108570899993783, 'extractor': 'ner_crf'}]'
Logged UserUtterance - tracker now has 6 events
Current slot values: 

Current tracker state [None, {}, {'intent_greet': 1.0, 'prev_action_listen': 1.0}, {'intent_greet': 1.0, 'prev_utter_greet': 1.0}, {'prev_action_listen': 1.0, 'intent_provide_color': 1.0, 'entity_color': 1.0}]
There is a memorised next action '8'
There is no active form
Predicted next action using policy_2_MemoizationPolicy
Predicted next action 'utter_color' with prob 1.00.
Action 'utter_color' ended with events '[]'
Bot utterance 'BotUttered(text: Your favorite color is {color}., data: {
  "elements": null,
  "buttons": null,
  "attachment": null
})'
Current tracker state [{}, {'intent_greet': 1.0, 'prev_action_listen': 1.0}, {'intent_greet': 1.0, 'prev_utter_greet': 1.0}, {'prev_action_listen': 1.0, 'intent_provide_color': 1.0, 'entity_color': 1.0}, {'prev_utter_color': 1.0, 'intent_provide_color': 1.0, 'entity_color': 1.0}]
There is a memorised next action '9'
There is no active form
Predicted next action using policy_2_MemoizationPolicy
Predicted next action 'utter_bye' with prob 1.00.
Action 'utter_bye' ended with events '[]'
Bot utterance 'BotUttered(text: Bye, thanks for chatting with color bot!, data: {
  "elements": null,
  "buttons": null,
  "attachment": null
})'
Current tracker state [{'intent_greet': 1.0, 'prev_action_listen': 1.0}, {'intent_greet': 1.0, 'prev_utter_greet': 1.0}, {'prev_action_listen': 1.0, 'intent_provide_color': 1.0, 'entity_color': 1.0}, {'prev_utter_color': 1.0, 'intent_provide_color': 1.0, 'entity_color': 1.0}, {'prev_utter_bye': 1.0, 'intent_provide_color': 1.0, 'entity_color': 1.0}]
There is a memorised next action '0'
There is no active form
Predicted next action using policy_2_MemoizationPolicy
Predicted next action 'action_listen' with prob 1.00.
Action 'action_listen' ended with events '[]'
Recreating tracker for id 'user'
Received user message 'hi' with intent '{'name': 'greet', 'confidence': 0.9823233485221863}' and entities '[]'
Logged UserUtterance - tracker now has 12 events
Current slot values: 

Current tracker state [{'intent_greet': 1.0, 'prev_utter_greet': 1.0}, {'prev_action_listen': 1.0, 'intent_provide_color': 1.0, 'entity_color': 1.0}, {'prev_utter_color': 1.0, 'intent_provide_color': 1.0, 'entity_color': 1.0}, {'prev_utter_bye': 1.0, 'intent_provide_color': 1.0, 'entity_color': 1.0}, {'intent_greet': 1.0, 'prev_action_listen': 1.0}]
There is a memorised next action '7'
There is no active form
Predicted next action using policy_2_MemoizationPolicy
Predicted next action 'utter_greet' with prob 1.00.
Action 'utter_greet' ended with events '[]'
Bot utterance 'BotUttered(text: Hey there! :) What is your favorite color?, data: {
  "elements": null,
  "buttons": null,
  "attachment": null
})'
Current tracker state [{'prev_action_listen': 1.0, 'intent_provide_color': 1.0, 'entity_color': 1.0}, {'prev_utter_color': 1.0, 'intent_provide_color': 1.0, 'entity_color': 1.0}, {'prev_utter_bye': 1.0, 'intent_provide_color': 1.0, 'entity_color': 1.0}, {'intent_greet': 1.0, 'prev_action_listen': 1.0}, {'intent_greet': 1.0, 'prev_utter_greet': 1.0}]
There is a memorised next action '0'
There is no active form
Predicted next action using policy_2_MemoizationPolicy
Predicted next action 'action_listen' with prob 1.00.
Action 'action_listen' ended with events '[]'
Recreating tracker for id 'user'
Received user message 'red' with intent '{'name': 'provide_color', 'confidence': 0.9667075872421265}' and entities '[{'start': 0, 'end': 3, 'value': 'red', 'entity': 'color', 'confidence': 0.8991835171123593, 'extractor': 'ner_crf'}]'
Logged UserUtterance - tracker now has 16 events
Current slot values: 

Current tracker state [{'prev_utter_color': 1.0, 'intent_provide_color': 1.0, 'entity_color': 1.0}, {'prev_utter_bye': 1.0, 'intent_provide_color': 1.0, 'entity_color': 1.0}, {'intent_greet': 1.0, 'prev_action_listen': 1.0}, {'intent_greet': 1.0, 'prev_utter_greet': 1.0}, {'prev_action_listen': 1.0, 'intent_provide_color': 1.0, 'entity_color': 1.0}]
There is a memorised next action '8'
There is no active form
Predicted next action using policy_2_MemoizationPolicy
Predicted next action 'utter_color' with prob 1.00.
Action 'utter_color' ended with events '[]'
Bot utterance 'BotUttered(text: Your favorite color is {color}., data: {
  "elements": null,
  "buttons": null,
  "attachment": null
})'
Current tracker state [{'prev_utter_bye': 1.0, 'intent_provide_color': 1.0, 'entity_color': 1.0}, {'intent_greet': 1.0, 'prev_action_listen': 1.0}, {'intent_greet': 1.0, 'prev_utter_greet': 1.0}, {'prev_action_listen': 1.0, 'intent_provide_color': 1.0, 'entity_color': 1.0}, {'prev_utter_color': 1.0, 'intent_provide_color': 1.0, 'entity_color': 1.0}]
There is a memorised next action '9'
There is no active form
Predicted next action using policy_2_MemoizationPolicy
Predicted next action 'utter_bye' with prob 1.00.
Action 'utter_bye' ended with events '[]'
Bot utterance 'BotUttered(text: Bye, thanks for chatting with color bot!, data: {
  "elements": null,
  "buttons": null,
  "attachment": null
})'
Current tracker state [{'intent_greet': 1.0, 'prev_action_listen': 1.0}, {'intent_greet': 1.0, 'prev_utter_greet': 1.0}, {'prev_action_listen': 1.0, 'intent_provide_color': 1.0, 'entity_color': 1.0}, {'prev_utter_color': 1.0, 'intent_provide_color': 1.0, 'entity_color': 1.0}, {'prev_utter_bye': 1.0, 'intent_provide_color': 1.0, 'entity_color': 1.0}]
There is a memorised next action '0'
There is no active form
Predicted next action using policy_2_MemoizationPolicy
Predicted next action 'action_listen' with prob 1.00.
Action 'action_listen' ended with events '[]'
